gyp info it worked if it ends with ok
gyp info using node-gyp@9.3.0
gyp info using node@19.2.0 | linux | x64
gyp info find Python using Python version 3.10.6 found at "/usr/bin/python3"
gyp info spawn /usr/bin/python3
gyp info spawn args [
gyp info spawn args   '/usr/local/lib/node_modules/npm/node_modules/node-gyp/gyp/gyp_main.py',
gyp info spawn args   'binding.gyp',
gyp info spawn args   '-f',
gyp info spawn args   'make',
gyp info spawn args   '-I',
gyp info spawn args   '/home/fadal/Bureau/gest_temp1/TP1_framework/node_modules/eiows/build/config.gypi',
gyp info spawn args   '-I',
gyp info spawn args   '/usr/local/lib/node_modules/npm/node_modules/node-gyp/addon.gypi',
gyp info spawn args   '-I',
gyp info spawn args   '/home/fadal/.cache/node-gyp/19.2.0/include/node/common.gypi',
gyp info spawn args   '-Dlibrary=shared_library',
gyp info spawn args   '-Dvisibility=default',
gyp info spawn args   '-Dnode_root_dir=/home/fadal/.cache/node-gyp/19.2.0',
gyp info spawn args   '-Dnode_gyp_dir=/usr/local/lib/node_modules/npm/node_modules/node-gyp',
gyp info spawn args   '-Dnode_lib_file=/home/fadal/.cache/node-gyp/19.2.0/<(target_arch)/node.lib',
gyp info spawn args   '-Dmodule_root_dir=/home/fadal/Bureau/gest_temp1/TP1_framework/node_modules/eiows',
gyp info spawn args   '-Dnode_engine=v8',
gyp info spawn args   '--depth=.',
gyp info spawn args   '--no-parallel',
gyp info spawn args   '--generator-output',
gyp info spawn args   'build',
gyp info spawn args   '-Goutput_dir=.'
gyp info spawn args ]
gyp info spawn make
gyp info spawn args [ 'BUILDTYPE=Release', '-C', 'build' ]
make : on entre dans le répertoire « /home/fadal/Bureau/gest_temp1/TP1_framework/node_modules/eiows/build »
  CXX(target) Release/obj.target/eiows/nodejs/src/addon.o
In file included from /home/fadal/.cache/node-gyp/19.2.0/include/node/openssl/./configuration_asm.h:11,
                 from /home/fadal/.cache/node-gyp/19.2.0/include/node/openssl/configuration.h:4,
                 from /home/fadal/.cache/node-gyp/19.2.0/include/node/openssl/opensslconf.h:14,
                 from /home/fadal/.cache/node-gyp/19.2.0/include/node/openssl/macros.h:14,
                 from /home/fadal/.cache/node-gyp/19.2.0/include/node/openssl/././archs/linux-x86_64/asm/include/openssl/ssl.h:21,
                 from /home/fadal/.cache/node-gyp/19.2.0/include/node/openssl/./ssl_asm.h:11,
                 from /home/fadal/.cache/node-gyp/19.2.0/include/node/openssl/ssl.h:4,
                 from ../nodejs/src/../../uWebSockets/src/Networking.h:62,
                 from ../nodejs/src/../../uWebSockets/src/WebSocketProtocol.h:5,
                 from ../nodejs/src/../../uWebSockets/src/WebSocket.h:4,
                 from ../nodejs/src/../../uWebSockets/src/Group.h:4,
                 from ../nodejs/src/../../uWebSockets/src/Hub.h:4,
                 from ../nodejs/src/addon.cpp:1:
/home/fadal/.cache/node-gyp/19.2.0/include/node/openssl/././archs/linux-x86_64/asm/include/openssl/configuration.h:30: warning: "OPENSSL_CONFIGURED_API" redefined
   30 | # define OPENSSL_CONFIGURED_API 30000
      | 
<command-line>: note: this is the location of the previous definition
In file included from ../nodejs/src/../../uWebSockets/src/Networking.h:61,
                 from ../nodejs/src/../../uWebSockets/src/WebSocketProtocol.h:5,
                 from ../nodejs/src/../../uWebSockets/src/WebSocket.h:4,
                 from ../nodejs/src/../../uWebSockets/src/Group.h:4,
                 from ../nodejs/src/../../uWebSockets/src/Hub.h:4,
                 from ../nodejs/src/addon.cpp:1:
../nodejs/src/../../uWebSockets/src/Libuv.h: In member function ‘void uS::Poll::close(void (*)(uS::Poll*))’:
../nodejs/src/../../uWebSockets/src/Libuv.h:137:24: warning: cast between incompatible function types from ‘void (*)(uS::Poll*)’ to ‘void (*)(uS::Poll*, int, int)’ [-Wcast-function-type]
  137 |             this->cb = (void(*)(Poll *, int, int)) cb;
      |                        ^~~~~~~~~~~~~~~~~~~~~~~~~~~~~~
../nodejs/src/../../uWebSockets/src/Libuv.h: In lambda function:
../nodejs/src/../../uWebSockets/src/Libuv.h:140:38: warning: cast between incompatible function types from ‘void (*)(uS::Poll*, int, int)’ to ‘void (*)(uS::Poll*)’ [-Wcast-function-type]
  140 |                 void (*cb)(Poll *) = (void(*)(Poll *)) poll->cb;
      |                                      ^~~~~~~~~~~~~~~~~~~~~~~~~~
In file included from ../nodejs/src/addon.cpp:2:
../nodejs/src/addon.h: At global scope:
../nodejs/src/addon.h:23:26: error: ‘BaseObject’ in namespace ‘node’ does not name a type
   23 | using BaseObject = node::BaseObject;
      |                          ^~~~~~~~~~
../nodejs/src/addon.h:25:23: error: ‘crypto’ in namespace ‘node’ does not name a type
   25 | using TLSWrap = node::crypto::TLSWrap;
      |                       ^~~~~~
../nodejs/src/addon.h:30:41: error: expected class-name before ‘{’ token
   30 | class TLSWrapSSLGetter : public TLSWrap {
      |                                         ^
../nodejs/src/addon.h: In member function ‘void TLSWrapSSLGetter::setSSL(const v8::FunctionCallbackInfo<v8::Value>&)’:
../nodejs/src/addon.h:35:18: error: ‘getSSL’ was not declared in this scope; did you mean ‘setSSL’?
   35 |             if (!getSSL()){
      |                  ^~~~~~
      |                  setSSL
../nodejs/src/addon.h:43:24: error: ‘getSSL’ was not declared in this scope; did you mean ‘setSSL’?
   43 |             SSL* ptr = getSSL()->get();
      |                        ^~~~~~
      |                        setSSL
In file included from ../nodejs/src/addon.cpp:2:
../nodejs/src/addon.h: In function ‘void getSSLContext(const v8::FunctionCallbackInfo<v8::Value>&)’:
../nodejs/src/addon.h:360:5: error: ‘ASSIGN_OR_RETURN_UNWRAP’ was not declared in this scope
  360 |     ASSIGN_OR_RETURN_UNWRAP(&tw, obj);
      |     ^~~~~~~~~~~~~~~~~~~~~~~
In file included from ../nodejs/src/addon.h:1,
                 from ../nodejs/src/addon.cpp:2:
../nodejs/src/addon.cpp: At global scope:
/home/fadal/.cache/node-gyp/19.2.0/include/node/node.h:993:7: warning: cast between incompatible function types from ‘void (*)(v8::Local<v8::Object>)’ to ‘node::addon_register_func’ {aka ‘void (*)(v8::Local<v8::Object>, v8::Local<v8::Value>, void*)’} [-Wcast-function-type]
  993 |       (node::addon_register_func) (regfunc),                          \
      |       ^~~~~~~~~~~~~~~~~~~~~~~~~~~~~~~~~~~~~
/home/fadal/.cache/node-gyp/19.2.0/include/node/node.h:1027:3: note: in expansion of macro ‘NODE_MODULE_X’
 1027 |   NODE_MODULE_X(modname, regfunc, NULL, 0)  // NOLINT (readability/null_usage)
      |   ^~~~~~~~~~~~~
../nodejs/src/addon.cpp:18:1: note: in expansion of macro ‘NODE_MODULE’
   18 | NODE_MODULE(eiows, Main)
      | ^~~~~~~~~~~
make: *** [eiows.target.mk:121 : Release/obj.target/eiows/nodejs/src/addon.o] Erreur 1
make : on quitte le répertoire « /home/fadal/Bureau/gest_temp1/TP1_framework/node_modules/eiows/build »
gyp ERR! build error 
gyp ERR! stack Error: `make` failed with exit code: 2
gyp ERR! stack     at ChildProcess.onExit (/usr/local/lib/node_modules/npm/node_modules/node-gyp/lib/build.js:203:23)
gyp ERR! stack     at ChildProcess.emit (node:events:513:28)
gyp ERR! stack     at ChildProcess._handle.onexit (node:internal/child_process:293:12)
gyp ERR! System Linux 5.15.0-50-generic
gyp ERR! command "/home/fadal/node_modules/node/bin/node" "/usr/local/lib/node_modules/npm/node_modules/node-gyp/bin/node-gyp.js" "rebuild"
gyp ERR! cwd /home/fadal/Bureau/gest_temp1/TP1_framework/node_modules/eiows
gyp ERR! node -v v19.2.0
gyp ERR! node-gyp -v v9.3.0
gyp ERR! not ok 
